<?xml version="1.0" encoding="UTF-8"?>
<!-- Generated by org.testng.reporters.JUnitXMLReporter -->
<testsuite ignored="6" hostname="DuyQuan" failures="0" tests="1" name="Default test" time="2.277" errors="0" timestamp="2022-11-08T10:32:57 ICT">
  <testcase classname="test.testDemo" name="loginErrorMsgPassword" time="0.48"/>
  <testcase classname="test.testDemo" name="loginTestFail3" time="0.0">
    <ignored/>
  </testcase> <!-- loginTestFail3 -->
  <testcase classname="test.testDemo" name="loginTestFail1" time="0.0">
    <ignored/>
  </testcase> <!-- loginTestFail1 -->
  <testcase classname="test.testDemo" name="loginErrorMsgUsername" time="0.0">
    <ignored/>
  </testcase> <!-- loginErrorMsgUsername -->
  <testcase classname="test.testDemo" name="loginTestPass" time="0.0">
    <ignored/>
  </testcase> <!-- loginTestPass -->
  <testcase classname="test.testDemo" name="loginErrorMsg" time="0.0">
    <ignored/>
  </testcase> <!-- loginErrorMsg -->
  <testcase classname="test.testDemo" name="loginTestFail2" time="0.0">
    <ignored/>
  </testcase> <!-- loginTestFail2 -->
</testsuite> <!-- Default test -->
