<?xml version="1.0" encoding="UTF-8"?>
<testng-results ignored="6" total="7" passed="1" failed="0" skipped="0">
  <reporter-output>
  </reporter-output>
  <suite started-at="2022-11-08T10:32:55 ICT" name="Default suite" finished-at="2022-11-08T10:32:57 ICT" duration-ms="2277">
    <groups>
    </groups>
    <test started-at="2022-11-08T10:32:55 ICT" name="Default test" finished-at="2022-11-08T10:32:57 ICT" duration-ms="2277">
      <class name="test.testDemo">
        <test-method is-config="true" signature="setUp()[pri:0, instance:test.testDemo@2ef3eef9]" started-at="2022-11-08T10:32:55 ICT" name="setUp" finished-at="2022-11-08T10:32:57 ICT" duration-ms="1770" status="PASS">
          <reporter-output>
          </reporter-output>
        </test-method> <!-- setUp -->
        <test-method signature="loginErrorMsgPassword()[pri:0, instance:test.testDemo@2ef3eef9]" started-at="2022-11-08T10:32:57 ICT" name="loginErrorMsgPassword" finished-at="2022-11-08T10:32:57 ICT" duration-ms="480" status="PASS">
          <reporter-output>
          </reporter-output>
        </test-method> <!-- loginErrorMsgPassword -->
      </class> <!-- test.testDemo -->
    </test> <!-- Default test -->
  </suite> <!-- Default suite -->
</testng-results>
